This file contains any messages produced by compilers while
running configure, to aid debugging if configure makes a mistake.

It was created by libcec-daemon configure 0.9, which was
generated by GNU Autoconf 2.69.  Invocation command line was

  $ ./configure 

## --------- ##
## Platform. ##
## --------- ##

hostname = raspberrypi
uname -m = armv7l
uname -r = 3.18.7-v7+
uname -s = Linux
uname -v = #755 SMP PREEMPT Thu Feb 12 17:20:48 GMT 2015

/usr/bin/uname -p = unknown
/bin/uname -X     = unknown

/bin/arch              = unknown
/usr/bin/arch -k       = unknown
/usr/convex/getsysinfo = unknown
/usr/bin/hostinfo      = unknown
/bin/machine           = unknown
/usr/bin/oslevel       = unknown
/bin/universe          = unknown

PATH: /usr/local/sbin
PATH: /usr/local/bin
PATH: /usr/sbin
PATH: /usr/bin
PATH: /sbin
PATH: /bin
PATH: /usr/local/games
PATH: /usr/games


## ----------- ##
## Core tests. ##
## ----------- ##

configure:2235: checking build system type
configure:2249: result: armv7l-unknown-linux-gnueabihf
configure:2269: checking host system type
configure:2282: result: armv7l-unknown-linux-gnueabihf
configure:2319: checking for a BSD-compatible install
configure:2387: result: /usr/bin/install -c
configure:2398: checking whether build environment is sane
configure:2448: result: yes
configure:2589: checking for a thread-safe mkdir -p
configure:2628: result: /bin/mkdir -p
configure:2641: checking for gawk
configure:2671: result: no
configure:2641: checking for mawk
configure:2657: found /usr/bin/mawk
configure:2668: result: mawk
configure:2679: checking whether make sets $(MAKE)
configure:2701: result: yes
configure:2792: checking whether make supports nested variables
configure:2809: result: yes
configure:2821: checking whether to enable maintainer-specific portions of Makefiles
configure:2830: result: no
configure:2902: checking for g++
configure:2918: found /usr/bin/g++
configure:2929: result: g++
configure:2956: checking for C++ compiler version
configure:2965: g++ --version >&5
g++ (Debian 4.7.2-5+rpi1) 4.7.2
Copyright (C) 2012 Free Software Foundation, Inc.
This is free software; see the source for copying conditions.  There is NO
warranty; not even for MERCHANTABILITY or FITNESS FOR A PARTICULAR PURPOSE.

configure:2976: $? = 0
configure:2965: g++ -v >&5
Using built-in specs.
COLLECT_GCC=g++
COLLECT_LTO_WRAPPER=/usr/lib/gcc/arm-linux-gnueabihf/4.7/lto-wrapper
Target: arm-linux-gnueabihf
Configured with: ../src/configure -v --with-pkgversion='Debian 4.7.2-5+rpi1' --with-bugurl=file:///usr/share/doc/gcc-4.7/README.Bugs --enable-languages=c,c++,go,fortran,objc,obj-c++ --prefix=/usr --program-suffix=-4.7 --enable-shared --enable-linker-build-id --with-system-zlib --libexecdir=/usr/lib --without-included-gettext --enable-threads=posix --with-gxx-include-dir=/usr/include/c++/4.7 --libdir=/usr/lib --enable-nls --with-sysroot=/ --enable-clocale=gnu --enable-libstdcxx-debug --enable-libstdcxx-time=yes --enable-gnu-unique-object --disable-libitm --enable-plugin --enable-objc-gc --disable-sjlj-exceptions --with-arch=armv6 --with-fpu=vfp --with-float=hard --enable-checking=release --build=arm-linux-gnueabihf --host=arm-linux-gnueabihf --target=arm-linux-gnueabihf
Thread model: posix
gcc version 4.7.2 (Debian 4.7.2-5+rpi1) 
configure:2976: $? = 0
configure:2965: g++ -V >&5
g++: error: unrecognized command line option '-V'
g++: fatal error: no input files
compilation terminated.
configure:2976: $? = 4
configure:2965: g++ -qversion >&5
g++: error: unrecognized command line option '-qversion'
g++: fatal error: no input files
compilation terminated.
configure:2976: $? = 4
configure:2996: checking whether the C++ compiler works
configure:3018: g++    conftest.cpp  >&5
configure:3022: $? = 0
configure:3070: result: yes
configure:3073: checking for C++ compiler default output file name
configure:3075: result: a.out
configure:3081: checking for suffix of executables
configure:3088: g++ -o conftest    conftest.cpp  >&5
configure:3092: $? = 0
configure:3114: result: 
configure:3136: checking whether we are cross compiling
configure:3144: g++ -o conftest    conftest.cpp  >&5
configure:3148: $? = 0
configure:3155: ./conftest
configure:3159: $? = 0
configure:3174: result: no
configure:3179: checking for suffix of object files
configure:3201: g++ -c   conftest.cpp >&5
configure:3205: $? = 0
configure:3226: result: o
configure:3230: checking whether we are using the GNU C++ compiler
configure:3249: g++ -c   conftest.cpp >&5
configure:3249: $? = 0
configure:3258: result: yes
configure:3267: checking whether g++ accepts -g
configure:3287: g++ -c -g  conftest.cpp >&5
configure:3287: $? = 0
configure:3328: result: yes
configure:3362: checking for style of include used by make
configure:3390: result: GNU
configure:3416: checking dependency style of g++
configure:3527: result: gcc3
configure:3551: checking whether g++ supports C++11 features by default
configure:3577: g++ -c -g -O2  conftest.cpp >&5
conftest.cpp:15:21: error: expected identifier before 'sizeof'
conftest.cpp:15:21: error: expected ',' or '...' before 'sizeof'
conftest.cpp:15:63: error: ISO C++ forbids declaration of 'static_assert' with no type [-fpermissive]
conftest.cpp:18:29: error: '>>' should be '> >' within a nested template argument list
conftest.cpp:21:13: error: expected constructor, destructor, or type conversion before '(' token
conftest.cpp:25:15: error: expected unqualified-id before '&&' token
conftest.cpp:27:10: error: 'd' does not name a type
configure:3577: $? = 1
configure: failed program was:
| /* confdefs.h */
| #define PACKAGE_NAME "libcec-daemon"
| #define PACKAGE_TARNAME "libcec-daemon"
| #define PACKAGE_VERSION "0.9"
| #define PACKAGE_STRING "libcec-daemon 0.9"
| #define PACKAGE_BUGREPORT ""
| #define PACKAGE_URL ""
| #define PACKAGE "libcec-daemon"
| #define VERSION "0.9"
| /* end confdefs.h.  */
| 
|   template <typename T>
|     struct check
|     {
|       static_assert(sizeof(int) <= sizeof(T), "not big enough");
|     };
| 
|     typedef check<check<bool>> right_angle_brackets;
| 
|     int a;
|     decltype(a) b;
| 
|     typedef check<int> check_type;
|     check_type c;
|     check_type&& cr = static_cast<check_type&&>(c);
| 
|     auto d = a;
| 
configure:3584: result: no
configure:3593: checking whether g++ supports C++11 features with -std=gnu++11
configure:3621: g++ -c -g -O2 -std=gnu++11  conftest.cpp >&5
configure:3621: $? = 0
configure:3630: result: yes
configure:3763: checking for gcc
configure:3779: found /usr/bin/gcc
configure:3790: result: gcc
configure:4019: checking for C compiler version
configure:4028: gcc --version >&5
gcc (Debian 4.7.2-5+rpi1) 4.7.2
Copyright (C) 2012 Free Software Foundation, Inc.
This is free software; see the source for copying conditions.  There is NO
warranty; not even for MERCHANTABILITY or FITNESS FOR A PARTICULAR PURPOSE.

configure:4039: $? = 0
configure:4028: gcc -v >&5
Using built-in specs.
COLLECT_GCC=gcc
COLLECT_LTO_WRAPPER=/usr/lib/gcc/arm-linux-gnueabihf/4.7/lto-wrapper
Target: arm-linux-gnueabihf
Configured with: ../src/configure -v --with-pkgversion='Debian 4.7.2-5+rpi1' --with-bugurl=file:///usr/share/doc/gcc-4.7/README.Bugs --enable-languages=c,c++,go,fortran,objc,obj-c++ --prefix=/usr --program-suffix=-4.7 --enable-shared --enable-linker-build-id --with-system-zlib --libexecdir=/usr/lib --without-included-gettext --enable-threads=posix --with-gxx-include-dir=/usr/include/c++/4.7 --libdir=/usr/lib --enable-nls --with-sysroot=/ --enable-clocale=gnu --enable-libstdcxx-debug --enable-libstdcxx-time=yes --enable-gnu-unique-object --disable-libitm --enable-plugin --enable-objc-gc --disable-sjlj-exceptions --with-arch=armv6 --with-fpu=vfp --with-float=hard --enable-checking=release --build=arm-linux-gnueabihf --host=arm-linux-gnueabihf --target=arm-linux-gnueabihf
Thread model: posix
gcc version 4.7.2 (Debian 4.7.2-5+rpi1) 
configure:4039: $? = 0
configure:4028: gcc -V >&5
gcc: error: unrecognized command line option '-V'
gcc: fatal error: no input files
compilation terminated.
configure:4039: $? = 4
configure:4028: gcc -qversion >&5
gcc: error: unrecognized command line option '-qversion'
gcc: fatal error: no input files
compilation terminated.
configure:4039: $? = 4
configure:4043: checking whether we are using the GNU C compiler
configure:4062: gcc -c   conftest.c >&5
configure:4062: $? = 0
configure:4071: result: yes
configure:4080: checking whether gcc accepts -g
configure:4100: gcc -c -g  conftest.c >&5
configure:4100: $? = 0
configure:4141: result: yes
configure:4158: checking for gcc option to accept ISO C89
configure:4221: gcc  -c -g -O2  conftest.c >&5
configure:4221: $? = 0
configure:4234: result: none needed
configure:4256: checking dependency style of gcc
configure:4367: result: gcc3
configure:4383: checking for dlopen in -ldl
configure:4408: gcc -o conftest -g -O2   conftest.c -ldl   >&5
configure:4408: $? = 0
configure:4417: result: yes
configure:4484: checking for pkg-config
configure:4502: found /usr/bin/pkg-config
configure:4514: result: /usr/bin/pkg-config
configure:4539: checking pkg-config is at least version 0.9.0
configure:4542: result: yes
configure:4552: checking for LIBCEC
configure:4559: $PKG_CONFIG --exists --print-errors "libcec >= 2.1"
configure:4562: $? = 0
configure:4576: $PKG_CONFIG --exists --print-errors "libcec >= 2.1"
configure:4579: $? = 0
configure:4617: result: yes
configure:4634: checking how to run the C++ preprocessor
configure:4661: g++ -E  conftest.cpp
configure:4661: $? = 0
configure:4675: g++ -E  conftest.cpp
conftest.cpp:13:28: fatal error: ac_nonexistent.h: No such file or directory
compilation terminated.
configure:4675: $? = 1
configure: failed program was:
| /* confdefs.h */
| #define PACKAGE_NAME "libcec-daemon"
| #define PACKAGE_TARNAME "libcec-daemon"
| #define PACKAGE_VERSION "0.9"
| #define PACKAGE_STRING "libcec-daemon 0.9"
| #define PACKAGE_BUGREPORT ""
| #define PACKAGE_URL ""
| #define PACKAGE "libcec-daemon"
| #define VERSION "0.9"
| #define HAVE_CXX11 1
| #define HAVE_LIBDL 1
| /* end confdefs.h.  */
| #include <ac_nonexistent.h>
configure:4700: result: g++ -E
configure:4720: g++ -E  conftest.cpp
configure:4720: $? = 0
configure:4734: g++ -E  conftest.cpp
conftest.cpp:13:28: fatal error: ac_nonexistent.h: No such file or directory
compilation terminated.
configure:4734: $? = 1
configure: failed program was:
| /* confdefs.h */
| #define PACKAGE_NAME "libcec-daemon"
| #define PACKAGE_TARNAME "libcec-daemon"
| #define PACKAGE_VERSION "0.9"
| #define PACKAGE_STRING "libcec-daemon 0.9"
| #define PACKAGE_BUGREPORT ""
| #define PACKAGE_URL ""
| #define PACKAGE "libcec-daemon"
| #define VERSION "0.9"
| #define HAVE_CXX11 1
| #define HAVE_LIBDL 1
| /* end confdefs.h.  */
| #include <ac_nonexistent.h>
configure:4763: checking for grep that handles long lines and -e
configure:4821: result: /bin/grep
configure:4826: checking for egrep
configure:4888: result: /bin/grep -E
configure:4893: checking for ANSI C header files
configure:4913: g++ -c -g -O2 -std=gnu++11  conftest.cpp >&5
configure:4913: $? = 0
configure:4986: g++ -o conftest -g -O2 -std=gnu++11   conftest.cpp -L/usr/local/lib -lcec   -ldl  >&5
configure:4986: $? = 0
configure:4986: ./conftest
configure:4986: $? = 0
configure:4997: result: yes
configure:5010: checking for sys/types.h
configure:5010: g++ -c -g -O2 -std=gnu++11  conftest.cpp >&5
configure:5010: $? = 0
configure:5010: result: yes
configure:5010: checking for sys/stat.h
configure:5010: g++ -c -g -O2 -std=gnu++11  conftest.cpp >&5
configure:5010: $? = 0
configure:5010: result: yes
configure:5010: checking for stdlib.h
configure:5010: g++ -c -g -O2 -std=gnu++11  conftest.cpp >&5
configure:5010: $? = 0
configure:5010: result: yes
configure:5010: checking for string.h
configure:5010: g++ -c -g -O2 -std=gnu++11  conftest.cpp >&5
configure:5010: $? = 0
configure:5010: result: yes
configure:5010: checking for memory.h
configure:5010: g++ -c -g -O2 -std=gnu++11  conftest.cpp >&5
configure:5010: $? = 0
configure:5010: result: yes
configure:5010: checking for strings.h
configure:5010: g++ -c -g -O2 -std=gnu++11  conftest.cpp >&5
configure:5010: $? = 0
configure:5010: result: yes
configure:5010: checking for inttypes.h
configure:5010: g++ -c -g -O2 -std=gnu++11  conftest.cpp >&5
configure:5010: $? = 0
configure:5010: result: yes
configure:5010: checking for stdint.h
configure:5010: g++ -c -g -O2 -std=gnu++11  conftest.cpp >&5
configure:5010: $? = 0
configure:5010: result: yes
configure:5010: checking for unistd.h
configure:5010: g++ -c -g -O2 -std=gnu++11  conftest.cpp >&5
configure:5010: $? = 0
configure:5010: result: yes
configure:5024: checking log4cplus/logger.h usability
configure:5024: g++ -c -g -O2 -std=gnu++11  conftest.cpp >&5
configure:5024: $? = 0
configure:5024: result: yes
configure:5024: checking log4cplus/logger.h presence
configure:5024: g++ -E  conftest.cpp
configure:5024: $? = 0
configure:5024: result: yes
configure:5024: checking for log4cplus/logger.h
configure:5024: result: yes
configure:5037: checking for log4cplus::Logger::getRoot() in -llog4cplus
configure:5063: g++ -o conftest -g -O2 -std=gnu++11   conftest.cpp -llog4cplus  -L/usr/local/lib -lcec   -ldl  >&5
configure:5063: $? = 0
configure:5175: result: yes
configure:5191: checking boost/program_options.hpp usability
configure:5191: g++ -c -g -O2 -std=gnu++11  conftest.cpp >&5
configure:5191: $? = 0
configure:5191: result: yes
configure:5191: checking boost/program_options.hpp presence
configure:5191: g++ -E  conftest.cpp
configure:5191: $? = 0
configure:5191: result: yes
configure:5191: checking for boost/program_options.hpp
configure:5191: result: yes
configure:5191: checking boost/thread/thread.hpp usability
configure:5191: g++ -c -g -O2 -std=gnu++11  conftest.cpp >&5
configure:5191: $? = 0
configure:5191: result: yes
configure:5191: checking boost/thread/thread.hpp presence
configure:5191: g++ -E  conftest.cpp
configure:5191: $? = 0
configure:5191: result: yes
configure:5191: checking for boost/thread/thread.hpp
configure:5191: result: yes
configure:5203: checking for boost::program_options::positional_options_description in -lboost_program_options
configure:5256: g++ -o conftest -g -O2 -std=gnu++11   conftest.cpp -lboost_program_options  -llog4cplus -L/usr/local/lib -lcec   -ldl  >&5
configure:5256: $? = 0
configure:5340: result: yes
configure:5352: checking for boost::thread in -lboost_thread
configure:5453: g++ -o conftest -g -O2 -std=gnu++11   conftest.cpp -lboost_thread  -lboost_program_options -llog4cplus -L/usr/local/lib -lcec   -ldl  >&5
configure:5453: $? = 0
configure:5489: result: yes
configure:5501: checking for main in -lboost_system
configure:5622: g++ -o conftest -g -O2 -std=gnu++11   conftest.cpp -lboost_system  -lboost_thread -lboost_program_options -llog4cplus -L/usr/local/lib -lcec   -ldl  >&5
configure:5622: $? = 0
configure:5632: result: yes
configure:5644: checking whether boost::program_options::typed_value<> supports value_name() member.
configure:5660: g++ -c -g -O2 -std=gnu++11  conftest.cpp >&5
conftest.cpp:30:1: error: expected unqualified-id before string constant
configure:5660: $? = 1
configure: failed program was:
| /* confdefs.h */
| #define PACKAGE_NAME "libcec-daemon"
| #define PACKAGE_TARNAME "libcec-daemon"
| #define PACKAGE_VERSION "0.9"
| #define PACKAGE_STRING "libcec-daemon 0.9"
| #define PACKAGE_BUGREPORT ""
| #define PACKAGE_URL ""
| #define PACKAGE "libcec-daemon"
| #define VERSION "0.9"
| #define HAVE_CXX11 1
| #define HAVE_LIBDL 1
| #define STDC_HEADERS 1
| #define HAVE_SYS_TYPES_H 1
| #define HAVE_SYS_STAT_H 1
| #define HAVE_STDLIB_H 1
| #define HAVE_STRING_H 1
| #define HAVE_MEMORY_H 1
| #define HAVE_STRINGS_H 1
| #define HAVE_INTTYPES_H 1
| #define HAVE_STDINT_H 1
| #define HAVE_UNISTD_H 1
| #define HAVE_LOG4CPLUS_LOGGER_H 1
| #define HAVE_LIBLOG4CPLUS 1
| #define HAVE_BOOST_PROGRAM_OPTIONS_HPP 1
| #define HAVE_BOOST_THREAD_THREAD_HPP 1
| #define HAVE_LIBBOOST_PROGRAM_OPTIONS 1
| #define HAVE_LIBBOOST_THREAD 1
| #define HAVE_LIBBOOST_SYSTEM 1
| /* end confdefs.h.  */
| "#include <boost/program_options.hpp>"
| int
| main ()
| {
| auto a = boost::program_options::value<int>()->value_name("test")
|   ;
|   return 0;
| }
configure:5667: result: no
configure:5822: creating ./config.status

## ---------------------- ##
## Running config.status. ##
## ---------------------- ##

This file was extended by libcec-daemon config.status 0.9, which was
generated by GNU Autoconf 2.69.  Invocation command line was

  CONFIG_FILES    = 
  CONFIG_HEADERS  = 
  CONFIG_LINKS    = 
  CONFIG_COMMANDS = 
  $ ./config.status 

on raspberrypi

config.status:884: creating Makefile
config.status:884: creating config.h
config.status:1065: config.h is unchanged
config.status:1113: executing depfiles commands

## ---------------- ##
## Cache variables. ##
## ---------------- ##

ac_cv_build=armv7l-unknown-linux-gnueabihf
ac_cv_c_compiler_gnu=yes
ac_cv_cxx_compiler_gnu=yes
ac_cv_env_CCC_set=
ac_cv_env_CCC_value=
ac_cv_env_CC_set=
ac_cv_env_CC_value=
ac_cv_env_CFLAGS_set=
ac_cv_env_CFLAGS_value=
ac_cv_env_CPPFLAGS_set=
ac_cv_env_CPPFLAGS_value=
ac_cv_env_CXXCPP_set=
ac_cv_env_CXXCPP_value=
ac_cv_env_CXXFLAGS_set=
ac_cv_env_CXXFLAGS_value=
ac_cv_env_CXX_set=
ac_cv_env_CXX_value=
ac_cv_env_LDFLAGS_set=
ac_cv_env_LDFLAGS_value=
ac_cv_env_LIBCEC_CFLAGS_set=
ac_cv_env_LIBCEC_CFLAGS_value=
ac_cv_env_LIBCEC_LIBS_set=
ac_cv_env_LIBCEC_LIBS_value=
ac_cv_env_LIBS_set=
ac_cv_env_LIBS_value=
ac_cv_env_PKG_CONFIG_LIBDIR_set=
ac_cv_env_PKG_CONFIG_LIBDIR_value=
ac_cv_env_PKG_CONFIG_PATH_set=
ac_cv_env_PKG_CONFIG_PATH_value=
ac_cv_env_PKG_CONFIG_set=
ac_cv_env_PKG_CONFIG_value=
ac_cv_env_build_alias_set=
ac_cv_env_build_alias_value=
ac_cv_env_host_alias_set=
ac_cv_env_host_alias_value=
ac_cv_env_target_alias_set=
ac_cv_env_target_alias_value=
ac_cv_header_boost_program_options_hpp=yes
ac_cv_header_boost_thread_thread_hpp=yes
ac_cv_header_inttypes_h=yes
ac_cv_header_log4cplus_logger_h=yes
ac_cv_header_memory_h=yes
ac_cv_header_stdc=yes
ac_cv_header_stdint_h=yes
ac_cv_header_stdlib_h=yes
ac_cv_header_string_h=yes
ac_cv_header_strings_h=yes
ac_cv_header_sys_stat_h=yes
ac_cv_header_sys_types_h=yes
ac_cv_header_unistd_h=yes
ac_cv_host=armv7l-unknown-linux-gnueabihf
ac_cv_lib_boost_program_options_boost__program_options__positional_options_description=yes
ac_cv_lib_boost_system_main=yes
ac_cv_lib_boost_thread_boost__thread=yes
ac_cv_lib_dl_dlopen=yes
ac_cv_lib_log4cplus_log4cplus__Logger__getRoot__=yes
ac_cv_objext=o
ac_cv_path_EGREP='/bin/grep -E'
ac_cv_path_GREP=/bin/grep
ac_cv_path_ac_pt_PKG_CONFIG=/usr/bin/pkg-config
ac_cv_path_install='/usr/bin/install -c'
ac_cv_path_mkdir=/bin/mkdir
ac_cv_prog_AWK=mawk
ac_cv_prog_CXXCPP='g++ -E'
ac_cv_prog_ac_ct_CC=gcc
ac_cv_prog_ac_ct_CXX=g++
ac_cv_prog_cc_c89=
ac_cv_prog_cc_g=yes
ac_cv_prog_cxx_g=yes
ac_cv_prog_make_make_set=yes
am_cv_CC_dependencies_compiler_type=gcc3
am_cv_CXX_dependencies_compiler_type=gcc3
am_cv_make_support_nested_variables=yes
ax_cv_cxx_compile_cxx11=no
ax_cv_cxx_compile_cxx11__std_gnupp11=yes
my_cv_boost_po_typed_value_name=no
pkg_cv_LIBCEC_CFLAGS='-I/usr/local/include -I/usr/local/include/libcec  '
pkg_cv_LIBCEC_LIBS='-L/usr/local/lib -lcec  '

## ----------------- ##
## Output variables. ##
## ----------------- ##

ACLOCAL='${SHELL} /home/pi/pipplware/cec/src/missing --run aclocal-1.11'
AMDEPBACKSLASH='\'
AMDEP_FALSE='#'
AMDEP_TRUE=''
AMTAR='$${TAR-tar}'
AM_BACKSLASH='\'
AM_DEFAULT_V='$(AM_DEFAULT_VERBOSITY)'
AM_DEFAULT_VERBOSITY='0'
AM_V='$(V)'
AUTOCONF='${SHELL} /home/pi/pipplware/cec/src/missing --run autoconf'
AUTOHEADER='${SHELL} /home/pi/pipplware/cec/src/missing --run autoheader'
AUTOMAKE='${SHELL} /home/pi/pipplware/cec/src/missing --run automake-1.11'
AWK='mawk'
CC='gcc'
CCDEPMODE='depmode=gcc3'
CFLAGS='-g -O2'
CPPFLAGS=''
CXX='g++'
CXXCPP='g++ -E'
CXXDEPMODE='depmode=gcc3'
CXXFLAGS='-g -O2 -std=gnu++11'
CYGPATH_W='echo'
DEFS='-DHAVE_CONFIG_H'
DEPDIR='.deps'
ECHO_C=''
ECHO_N='-n'
ECHO_T=''
EGREP='/bin/grep -E'
EXEEXT=''
GREP='/bin/grep'
HAVE_CXX11='1'
INSTALL_DATA='${INSTALL} -m 644'
INSTALL_PROGRAM='${INSTALL}'
INSTALL_SCRIPT='${INSTALL}'
INSTALL_STRIP_PROGRAM='$(install_sh) -c -s'
LDFLAGS=''
LIBCEC_CFLAGS='-I/usr/local/include -I/usr/local/include/libcec  '
LIBCEC_LIBS='-L/usr/local/lib -lcec  '
LIBOBJS=''
LIBS='-lboost_system -lboost_thread -lboost_program_options -llog4cplus -L/usr/local/lib -lcec   -ldl '
LTLIBOBJS=''
MAINT='#'
MAINTAINER_MODE_FALSE=''
MAINTAINER_MODE_TRUE='#'
MAKEINFO='${SHELL} /home/pi/pipplware/cec/src/missing --run makeinfo'
MKDIR_P='/bin/mkdir -p'
OBJEXT='o'
PACKAGE='libcec-daemon'
PACKAGE_BUGREPORT=''
PACKAGE_NAME='libcec-daemon'
PACKAGE_STRING='libcec-daemon 0.9'
PACKAGE_TARNAME='libcec-daemon'
PACKAGE_URL=''
PACKAGE_VERSION='0.9'
PATH_SEPARATOR=':'
PKG_CONFIG='/usr/bin/pkg-config'
PKG_CONFIG_LIBDIR=''
PKG_CONFIG_PATH=''
SET_MAKE=''
SHELL='/bin/bash'
STRIP=''
VERSION='0.9'
ac_ct_CC='gcc'
ac_ct_CXX='g++'
am__EXEEXT_FALSE=''
am__EXEEXT_TRUE='#'
am__fastdepCC_FALSE='#'
am__fastdepCC_TRUE=''
am__fastdepCXX_FALSE='#'
am__fastdepCXX_TRUE=''
am__include='include'
am__isrc=''
am__leading_dot='.'
am__nodep='_no'
am__quote=''
am__tar='$${TAR-tar} chof - "$$tardir"'
am__untar='$${TAR-tar} xf -'
bindir='${exec_prefix}/bin'
build='armv7l-unknown-linux-gnueabihf'
build_alias=''
build_cpu='armv7l'
build_os='linux-gnueabihf'
build_vendor='unknown'
datadir='${datarootdir}'
datarootdir='${prefix}/share'
docdir='${datarootdir}/doc/${PACKAGE_TARNAME}'
dvidir='${docdir}'
exec_prefix='${prefix}'
host='armv7l-unknown-linux-gnueabihf'
host_alias=''
host_cpu='armv7l'
host_os='linux-gnueabihf'
host_vendor='unknown'
htmldir='${docdir}'
includedir='${prefix}/include'
infodir='${datarootdir}/info'
install_sh='${SHELL} /home/pi/pipplware/cec/src/install-sh'
libdir='${exec_prefix}/lib'
libexecdir='${exec_prefix}/libexec'
localedir='${datarootdir}/locale'
localstatedir='${prefix}/var'
mandir='${datarootdir}/man'
mkdir_p='/bin/mkdir -p'
oldincludedir='/usr/include'
pdfdir='${docdir}'
prefix='/usr/local'
program_transform_name='s,x,x,'
psdir='${docdir}'
sbindir='${exec_prefix}/sbin'
sharedstatedir='${prefix}/com'
sysconfdir='${prefix}/etc'
target_alias=''

## ----------- ##
## confdefs.h. ##
## ----------- ##

/* confdefs.h */
#define PACKAGE_NAME "libcec-daemon"
#define PACKAGE_TARNAME "libcec-daemon"
#define PACKAGE_VERSION "0.9"
#define PACKAGE_STRING "libcec-daemon 0.9"
#define PACKAGE_BUGREPORT ""
#define PACKAGE_URL ""
#define PACKAGE "libcec-daemon"
#define VERSION "0.9"
#define HAVE_CXX11 1
#define HAVE_LIBDL 1
#define STDC_HEADERS 1
#define HAVE_SYS_TYPES_H 1
#define HAVE_SYS_STAT_H 1
#define HAVE_STDLIB_H 1
#define HAVE_STRING_H 1
#define HAVE_MEMORY_H 1
#define HAVE_STRINGS_H 1
#define HAVE_INTTYPES_H 1
#define HAVE_STDINT_H 1
#define HAVE_UNISTD_H 1
#define HAVE_LOG4CPLUS_LOGGER_H 1
#define HAVE_LIBLOG4CPLUS 1
#define HAVE_BOOST_PROGRAM_OPTIONS_HPP 1
#define HAVE_BOOST_THREAD_THREAD_HPP 1
#define HAVE_LIBBOOST_PROGRAM_OPTIONS 1
#define HAVE_LIBBOOST_THREAD 1
#define HAVE_LIBBOOST_SYSTEM 1

configure: exit 0
